<?xml version="1.0" encoding="UTF-8"?>
<coverage generated="1781015043">
  <project timestamp="1781015043" name="Clover Coverage">
    <file name="C:\OSPanel\home\mod_ishop_filter\script.php">
      <class name="Mod_IshopfilterInstallerScript" namespace="global">
        <metrics complexity="6" methods="3" coveredmethods="3" conditionals="0" coveredconditionals="0" statements="22" coveredstatements="22" elements="25" coveredelements="25"/>
      </class>
      <line num="59" type="method" name="__construct" visibility="public" complexity="1" crap="1" count="6"/>
      <line num="62" type="stmt" count="6"/>
      <line num="74" type="method" name="preflight" visibility="public" complexity="2" crap="2" count="2"/>
      <line num="76" type="stmt" count="2"/>
      <line num="77" type="stmt" count="1"/>
      <line num="80" type="stmt" count="1"/>
      <line num="91" type="method" name="postflight" visibility="public" complexity="3" crap="3" count="2"/>
      <line num="94" type="stmt" count="2"/>
      <line num="96" type="stmt" count="2"/>
      <line num="98" type="stmt" count="1"/>
      <line num="101" type="stmt" count="1"/>
      <line num="102" type="stmt" count="1"/>
      <line num="103" type="stmt" count="1"/>
      <line num="104" type="stmt" count="1"/>
      <line num="105" type="stmt" count="1"/>
      <line num="106" type="stmt" count="1"/>
      <line num="107" type="stmt" count="1"/>
      <line num="108" type="stmt" count="1"/>
      <line num="109" type="stmt" count="1"/>
      <line num="110" type="stmt" count="1"/>
      <line num="111" type="stmt" count="1"/>
      <line num="114" type="stmt" count="1"/>
      <line num="115" type="stmt" count="1"/>
      <line num="116" type="stmt" count="1"/>
      <line num="119" type="stmt" count="2"/>
      <metrics loc="121" ncloc="63" classes="1" methods="3" coveredmethods="3" conditionals="0" coveredconditionals="0" statements="22" coveredstatements="22" elements="25" coveredelements="25"/>
    </file>
    <file name="C:\OSPanel\home\mod_ishop_filter\services\provider.php">
      <line num="22" type="stmt" count="3"/>
      <line num="23" type="stmt" count="3"/>
      <line num="31" type="stmt" count="2"/>
      <line num="32" type="stmt" count="2"/>
      <line num="33" type="stmt" count="2"/>
      <line num="35" type="stmt" count="3"/>
      <metrics loc="35" ncloc="19" classes="0" methods="0" coveredmethods="0" conditionals="0" coveredconditionals="0" statements="6" coveredstatements="6" elements="6" coveredelements="6"/>
    </file>
    <package name="Ilange\Module\Ishopfilter\Site\Dispatcher">
      <file name="C:\OSPanel\home\mod_ishop_filter\src\Dispatcher\Dispatcher.php">
        <class name="Ilange\Module\Ishopfilter\Site\Dispatcher\Dispatcher" namespace="Ilange\Module\Ishopfilter\Site\Dispatcher">
          <metrics complexity="1" methods="1" coveredmethods="1" conditionals="0" coveredconditionals="0" statements="7" coveredstatements="7" elements="8" coveredelements="8"/>
        </class>
        <line num="16" type="stmt" count="1"/>
        <line num="32" type="method" name="getLayoutData" visibility="protected" complexity="1" crap="1" count="1"/>
        <line num="34" type="stmt" count="1"/>
        <line num="36" type="stmt" count="1"/>
        <line num="37" type="stmt" count="1"/>
        <line num="39" type="stmt" count="1"/>
        <line num="40" type="stmt" count="1"/>
        <line num="41" type="stmt" count="1"/>
        <line num="43" type="stmt" count="1"/>
        <metrics loc="46" ncloc="29" classes="1" methods="1" coveredmethods="1" conditionals="0" coveredconditionals="0" statements="8" coveredstatements="8" elements="9" coveredelements="9"/>
      </file>
    </package>
    <package name="Ilange\Module\Ishopfilter\Site\Helper">
      <file name="C:\OSPanel\home\mod_ishop_filter\src\Helper\IshopfilterHelper.php">
        <class name="Ilange\Module\Ishopfilter\Site\Helper\IshopfilterHelper" namespace="Ilange\Module\Ishopfilter\Site\Helper">
          <metrics complexity="14" methods="3" coveredmethods="3" conditionals="0" coveredconditionals="0" statements="78" coveredstatements="78" elements="81" coveredelements="81"/>
        </class>
        <line num="17" type="stmt" count="1"/>
        <line num="32" type="method" name="prepareFilter" visibility="public" complexity="8" crap="8" count="4"/>
        <line num="34" type="stmt" count="4"/>
        <line num="35" type="stmt" count="4"/>
        <line num="36" type="stmt" count="4"/>
        <line num="38" type="stmt" count="4"/>
        <line num="39" type="stmt" count="4"/>
        <line num="40" type="stmt" count="3"/>
        <line num="44" type="stmt" count="4"/>
        <line num="46" type="stmt" count="1"/>
        <line num="49" type="stmt" count="3"/>
        <line num="50" type="stmt" count="3"/>
        <line num="51" type="stmt" count="3"/>
        <line num="52" type="stmt" count="3"/>
        <line num="54" type="stmt" count="3"/>
        <line num="55" type="stmt" count="3"/>
        <line num="57" type="stmt" count="3"/>
        <line num="58" type="stmt" count="2"/>
        <line num="59" type="stmt" count="2"/>
        <line num="60" type="stmt" count="2"/>
        <line num="62" type="stmt" count="2"/>
        <line num="63" type="stmt" count="2"/>
        <line num="66" type="stmt" count="3"/>
        <line num="77" type="method" name="getActiveFilters" visibility="private" complexity="1" crap="1" count="4"/>
        <line num="79" type="stmt" count="4"/>
        <line num="81" type="stmt" count="4"/>
        <line num="82" type="stmt" count="4"/>
        <line num="83" type="stmt" count="4"/>
        <line num="84" type="stmt" count="4"/>
        <line num="85" type="stmt" count="4"/>
        <line num="86" type="stmt" count="4"/>
        <line num="87" type="stmt" count="4"/>
        <line num="88" type="stmt" count="4"/>
        <line num="89" type="stmt" count="4"/>
        <line num="90" type="stmt" count="4"/>
        <line num="91" type="stmt" count="4"/>
        <line num="92" type="stmt" count="4"/>
        <line num="93" type="stmt" count="4"/>
        <line num="94" type="stmt" count="4"/>
        <line num="95" type="stmt" count="4"/>
        <line num="96" type="stmt" count="4"/>
        <line num="106" type="method" name="getAjax" visibility="public" complexity="5" crap="5" count="4"/>
        <line num="108" type="stmt" count="4"/>
        <line num="109" type="stmt" count="4"/>
        <line num="111" type="stmt" count="4"/>
        <line num="112" type="stmt" count="1"/>
        <line num="115" type="stmt" count="3"/>
        <line num="117" type="stmt" count="3"/>
        <line num="118" type="stmt" count="3"/>
        <line num="119" type="stmt" count="1"/>
        <line num="122" type="stmt" count="2"/>
        <line num="123" type="stmt" count="2"/>
        <line num="124" type="stmt" count="2"/>
        <line num="125" type="stmt" count="2"/>
        <line num="126" type="stmt" count="2"/>
        <line num="127" type="stmt" count="2"/>
        <line num="128" type="stmt" count="2"/>
        <line num="129" type="stmt" count="2"/>
        <line num="130" type="stmt" count="2"/>
        <line num="131" type="stmt" count="2"/>
        <line num="132" type="stmt" count="2"/>
        <line num="133" type="stmt" count="2"/>
        <line num="134" type="stmt" count="2"/>
        <line num="135" type="stmt" count="2"/>
        <line num="136" type="stmt" count="2"/>
        <line num="137" type="stmt" count="2"/>
        <line num="139" type="stmt" count="2"/>
        <line num="140" type="stmt" count="2"/>
        <line num="141" type="stmt" count="2"/>
        <line num="143" type="stmt" count="2"/>
        <line num="145" type="stmt" count="2"/>
        <line num="146" type="stmt" count="1"/>
        <line num="149" type="stmt" count="1"/>
        <line num="150" type="stmt" count="1"/>
        <line num="151" type="stmt" count="1"/>
        <line num="152" type="stmt" count="1"/>
        <line num="154" type="stmt" count="1"/>
        <line num="155" type="stmt" count="1"/>
        <line num="156" type="stmt" count="1"/>
        <line num="157" type="stmt" count="1"/>
        <line num="158" type="stmt" count="1"/>
        <line num="160" type="stmt" count="1"/>
        <metrics loc="163" ncloc="128" classes="1" methods="3" coveredmethods="3" conditionals="0" coveredconditionals="0" statements="79" coveredstatements="79" elements="82" coveredelements="82"/>
      </file>
    </package>
    <file name="C:\OSPanel\home\mod_ishop_filter\tmpl\default.php">
      <line num="29" type="stmt" count="12"/>
      <line num="30" type="stmt" count="2"/>
      <line num="33" type="stmt" count="10"/>
      <line num="35" type="stmt" count="10"/>
      <line num="36" type="stmt" count="10"/>
      <line num="37" type="stmt" count="10"/>
      <line num="40" type="stmt" count="10"/>
      <line num="41" type="stmt" count="10"/>
      <line num="42" type="stmt" count="10"/>
      <line num="45" type="stmt" count="10"/>
      <line num="46" type="stmt" count="10"/>
      <line num="47" type="stmt" count="10"/>
      <line num="48" type="stmt" count="10"/>
      <line num="49" type="stmt" count="10"/>
      <line num="50" type="stmt" count="10"/>
      <line num="51" type="stmt" count="10"/>
      <line num="52" type="stmt" count="10"/>
      <line num="53" type="stmt" count="10"/>
      <line num="54" type="stmt" count="10"/>
      <line num="55" type="stmt" count="10"/>
      <line num="56" type="stmt" count="10"/>
      <line num="57" type="stmt" count="10"/>
      <line num="58" type="stmt" count="1"/>
      <line num="59" type="stmt" count="10"/>
      <line num="60" type="stmt" count="10"/>
      <line num="61" type="stmt" count="10"/>
      <line num="62" type="stmt" count="10"/>
      <line num="63" type="stmt" count="10"/>
      <line num="64" type="stmt" count="10"/>
      <line num="65" type="stmt" count="10"/>
      <line num="68" type="stmt" count="10"/>
      <line num="69" type="stmt" count="10"/>
      <line num="70" type="stmt" count="10"/>
      <line num="71" type="stmt" count="10"/>
      <line num="73" type="stmt" count="10"/>
      <line num="74" type="stmt" count="0"/>
      <line num="77" type="stmt" count="10"/>
      <line num="78" type="stmt" count="0"/>
      <line num="81" type="stmt" count="10"/>
      <line num="82" type="stmt" count="10"/>
      <line num="85" type="stmt" count="10"/>
      <line num="87" type="stmt" count="10"/>
      <line num="88" type="stmt" count="10"/>
      <line num="89" type="stmt" count="10"/>
      <line num="90" type="stmt" count="10"/>
      <line num="91" type="stmt" count="10"/>
      <line num="92" type="stmt" count="10"/>
      <line num="93" type="stmt" count="10"/>
      <line num="94" type="stmt" count="10"/>
      <line num="97" type="stmt" count="10"/>
      <line num="98" type="stmt" count="10"/>
      <line num="99" type="stmt" count="10"/>
      <line num="103" type="stmt" count="10"/>
      <line num="112" type="stmt" count="10"/>
      <line num="115" type="stmt" count="10"/>
      <line num="116" type="stmt" count="10"/>
      <line num="117" type="stmt" count="10"/>
      <line num="118" type="stmt" count="10"/>
      <line num="119" type="stmt" count="10"/>
      <line num="120" type="stmt" count="10"/>
      <line num="121" type="stmt" count="10"/>
      <line num="122" type="stmt" count="10"/>
      <line num="123" type="stmt" count="10"/>
      <line num="124" type="stmt" count="10"/>
      <line num="128" type="stmt" count="10"/>
      <line num="132" type="stmt" count="10"/>
      <line num="134" type="stmt" count="10"/>
      <line num="135" type="stmt" count="10"/>
      <line num="136" type="stmt" count="10"/>
      <line num="137" type="stmt" count="10"/>
      <line num="138" type="stmt" count="10"/>
      <line num="139" type="stmt" count="10"/>
      <line num="140" type="stmt" count="10"/>
      <line num="141" type="stmt" count="10"/>
      <line num="142" type="stmt" count="10"/>
      <line num="143" type="stmt" count="10"/>
      <line num="144" type="stmt" count="10"/>
      <line num="145" type="stmt" count="10"/>
      <line num="146" type="stmt" count="10"/>
      <line num="147" type="stmt" count="10"/>
      <line num="148" type="stmt" count="10"/>
      <line num="149" type="stmt" count="10"/>
      <line num="150" type="stmt" count="10"/>
      <line num="151" type="stmt" count="10"/>
      <line num="152" type="stmt" count="10"/>
      <line num="153" type="stmt" count="10"/>
      <line num="154" type="stmt" count="10"/>
      <line num="155" type="stmt" count="10"/>
      <line num="156" type="stmt" count="10"/>
      <line num="157" type="stmt" count="10"/>
      <line num="158" type="stmt" count="10"/>
      <line num="159" type="stmt" count="10"/>
      <line num="160" type="stmt" count="10"/>
      <line num="161" type="stmt" count="10"/>
      <line num="163" type="stmt" count="10"/>
      <line num="166" type="stmt" count="10"/>
      <line num="167" type="stmt" count="10"/>
      <line num="168" type="stmt" count="10"/>
      <line num="169" type="stmt" count="10"/>
      <line num="170" type="stmt" count="10"/>
      <line num="171" type="stmt" count="10"/>
      <line num="172" type="stmt" count="10"/>
      <line num="173" type="stmt" count="10"/>
      <line num="174" type="stmt" count="10"/>
      <line num="175" type="stmt" count="10"/>
      <line num="176" type="stmt" count="10"/>
      <line num="178" type="stmt" count="10"/>
      <line num="179" type="stmt" count="10"/>
      <line num="182" type="stmt" count="10"/>
      <line num="184" type="stmt" count="10"/>
      <line num="186" type="stmt" count="10"/>
      <line num="187" type="stmt" count="10"/>
      <line num="188" type="stmt" count="10"/>
      <line num="189" type="stmt" count="10"/>
      <line num="192" type="stmt" count="10"/>
      <line num="193" type="stmt" count="10"/>
      <line num="194" type="stmt" count="10"/>
      <line num="195" type="stmt" count="10"/>
      <line num="196" type="stmt" count="10"/>
      <line num="197" type="stmt" count="10"/>
      <line num="198" type="stmt" count="10"/>
      <line num="199" type="stmt" count="10"/>
      <line num="200" type="stmt" count="10"/>
      <line num="202" type="stmt" count="10"/>
      <line num="203" type="stmt" count="10"/>
      <line num="206" type="stmt" count="10"/>
      <line num="208" type="stmt" count="10"/>
      <line num="210" type="stmt" count="10"/>
      <line num="211" type="stmt" count="10"/>
      <line num="212" type="stmt" count="10"/>
      <line num="213" type="stmt" count="10"/>
      <line num="214" type="stmt" count="10"/>
      <line num="215" type="stmt" count="10"/>
      <line num="216" type="stmt" count="10"/>
      <line num="217" type="stmt" count="10"/>
      <line num="218" type="stmt" count="10"/>
      <line num="219" type="stmt" count="10"/>
      <line num="220" type="stmt" count="10"/>
      <line num="221" type="stmt" count="10"/>
      <line num="222" type="stmt" count="10"/>
      <line num="223" type="stmt" count="10"/>
      <line num="224" type="stmt" count="10"/>
      <line num="225" type="stmt" count="10"/>
      <line num="226" type="stmt" count="10"/>
      <line num="227" type="stmt" count="10"/>
      <line num="229" type="stmt" count="10"/>
      <line num="230" type="stmt" count="10"/>
      <line num="231" type="stmt" count="10"/>
      <line num="234" type="stmt" count="10"/>
      <line num="236" type="stmt" count="10"/>
      <metrics loc="239" ncloc="220" classes="0" methods="0" coveredmethods="0" conditionals="0" coveredconditionals="0" statements="150" coveredstatements="148" elements="150" coveredelements="148"/>
    </file>
    <file name="C:\OSPanel\home\mod_ishop_filter\tmpl\default_brands.php">
      <line num="28" type="stmt" count="10"/>
      <line num="29" type="stmt" count="10"/>
      <line num="31" type="stmt" count="10"/>
      <metrics loc="32" ncloc="12" classes="0" methods="0" coveredmethods="0" conditionals="0" coveredconditionals="0" statements="3" coveredstatements="3" elements="3" coveredelements="3"/>
    </file>
    <file name="C:\OSPanel\home\mod_ishop_filter\tmpl\default_fields.php">
      <line num="12" type="stmt" count="0"/>
      <line num="27" type="stmt" count="0"/>
      <line num="28" type="stmt" count="0"/>
      <line num="29" type="stmt" count="0"/>
      <line num="30" type="stmt" count="0"/>
      <line num="31" type="stmt" count="0"/>
      <line num="32" type="stmt" count="0"/>
      <line num="33" type="stmt" count="0"/>
      <line num="36" type="stmt" count="0"/>
      <line num="37" type="stmt" count="0"/>
      <line num="38" type="stmt" count="0"/>
      <line num="40" type="stmt" count="0"/>
      <line num="41" type="stmt" count="0"/>
      <line num="43" type="stmt" count="0"/>
      <line num="46" type="stmt" count="0"/>
      <line num="47" type="stmt" count="0"/>
      <line num="49" type="stmt" count="0"/>
      <line num="52" type="stmt" count="0"/>
      <line num="53" type="stmt" count="0"/>
      <line num="55" type="stmt" count="0"/>
      <line num="61" type="stmt" count="0"/>
      <line num="63" type="stmt" count="0"/>
      <line num="64" type="stmt" count="0"/>
      <line num="65" type="stmt" count="0"/>
      <line num="66" type="stmt" count="0"/>
      <line num="67" type="stmt" count="0"/>
      <line num="68" type="stmt" count="0"/>
      <line num="73" type="stmt" count="0"/>
      <line num="75" type="stmt" count="0"/>
      <line num="76" type="stmt" count="0"/>
      <line num="77" type="stmt" count="0"/>
      <line num="78" type="stmt" count="0"/>
      <line num="79" type="stmt" count="0"/>
      <line num="80" type="stmt" count="0"/>
      <line num="89" type="stmt" count="0"/>
      <line num="90" type="stmt" count="0"/>
      <line num="91" type="stmt" count="0"/>
      <line num="92" type="stmt" count="0"/>
      <line num="93" type="stmt" count="0"/>
      <line num="95" type="stmt" count="0"/>
      <line num="96" type="stmt" count="0"/>
      <line num="99" type="stmt" count="0"/>
      <line num="100" type="stmt" count="0"/>
      <line num="101" type="stmt" count="0"/>
      <line num="105" type="stmt" count="0"/>
      <line num="106" type="stmt" count="0"/>
      <line num="107" type="stmt" count="0"/>
      <line num="108" type="stmt" count="0"/>
      <line num="112" type="stmt" count="0"/>
      <line num="113" type="stmt" count="0"/>
      <line num="114" type="stmt" count="0"/>
      <line num="115" type="stmt" count="0"/>
      <line num="118" type="stmt" count="0"/>
      <line num="119" type="stmt" count="0"/>
      <line num="122" type="stmt" count="0"/>
      <line num="123" type="stmt" count="0"/>
      <line num="126" type="stmt" count="0"/>
      <line num="127" type="stmt" count="0"/>
      <line num="128" type="stmt" count="0"/>
      <line num="130" type="stmt" count="0"/>
      <line num="131" type="stmt" count="0"/>
      <line num="132" type="stmt" count="0"/>
      <line num="133" type="stmt" count="0"/>
      <line num="134" type="stmt" count="0"/>
      <line num="136" type="stmt" count="0"/>
      <line num="137" type="stmt" count="0"/>
      <metrics loc="141" ncloc="117" classes="0" methods="0" coveredmethods="0" conditionals="0" coveredconditionals="0" statements="66" coveredstatements="0" elements="66" coveredelements="0"/>
    </file>
    <file name="C:\OSPanel\home\mod_ishop_filter\tmpl\default_fields_list.php">
      <line num="25" type="stmt" count="10"/>
      <line num="26" type="stmt" count="10"/>
      <line num="27" type="stmt" count="10"/>
      <line num="29" type="stmt" count="10"/>
      <line num="30" type="stmt" count="10"/>
      <line num="31" type="stmt" count="10"/>
      <line num="32" type="stmt" count="10"/>
      <line num="35" type="stmt" count="10"/>
      <line num="36" type="stmt" count="0"/>
      <line num="39" type="stmt" count="10"/>
      <line num="40" type="stmt" count="10"/>
      <line num="43" type="stmt" count="10"/>
      <line num="44" type="stmt" count="10"/>
      <line num="45" type="stmt" count="10"/>
      <line num="47" type="stmt" count="10"/>
      <line num="48" type="stmt" count="10"/>
      <line num="49" type="stmt" count="10"/>
      <line num="50" type="stmt" count="10"/>
      <line num="51" type="stmt" count="10"/>
      <line num="53" type="stmt" count="10"/>
      <line num="54" type="stmt" count="10"/>
      <metrics loc="57" ncloc="36" classes="0" methods="0" coveredmethods="0" conditionals="0" coveredconditionals="0" statements="21" coveredstatements="20" elements="21" coveredelements="20"/>
    </file>
    <file name="C:\OSPanel\home\mod_ishop_filter\tmpl\default_fields_range.php">
      <line num="26" type="stmt" count="10"/>
      <line num="27" type="stmt" count="10"/>
      <line num="28" type="stmt" count="10"/>
      <line num="30" type="stmt" count="10"/>
      <line num="31" type="stmt" count="10"/>
      <line num="32" type="stmt" count="10"/>
      <line num="33" type="stmt" count="0"/>
      <line num="36" type="stmt" count="10"/>
      <line num="37" type="stmt" count="10"/>
      <line num="38" type="stmt" count="10"/>
      <line num="40" type="stmt" count="10"/>
      <line num="41" type="stmt" count="10"/>
      <line num="43" type="stmt" count="0"/>
      <line num="46" type="stmt" count="10"/>
      <line num="47" type="stmt" count="10"/>
      <line num="49" type="stmt" count="0"/>
      <line num="52" type="stmt" count="10"/>
      <line num="53" type="stmt" count="10"/>
      <line num="55" type="stmt" count="10"/>
      <line num="61" type="stmt" count="10"/>
      <line num="63" type="stmt" count="10"/>
      <line num="64" type="stmt" count="10"/>
      <line num="65" type="stmt" count="10"/>
      <line num="66" type="stmt" count="10"/>
      <line num="67" type="stmt" count="10"/>
      <line num="68" type="stmt" count="10"/>
      <line num="69" type="stmt" count="10"/>
      <line num="74" type="stmt" count="10"/>
      <line num="76" type="stmt" count="10"/>
      <line num="77" type="stmt" count="10"/>
      <line num="78" type="stmt" count="10"/>
      <line num="79" type="stmt" count="10"/>
      <line num="80" type="stmt" count="10"/>
      <line num="81" type="stmt" count="10"/>
      <line num="82" type="stmt" count="10"/>
      <metrics loc="92" ncloc="74" classes="0" methods="0" coveredmethods="0" conditionals="0" coveredconditionals="0" statements="35" coveredstatements="32" elements="35" coveredelements="32"/>
    </file>
    <file name="C:\OSPanel\home\mod_ishop_filter\tmpl\default_fields_switch.php">
      <line num="24" type="stmt" count="10"/>
      <line num="25" type="stmt" count="10"/>
      <line num="26" type="stmt" count="10"/>
      <line num="28" type="stmt" count="9"/>
      <line num="29" type="stmt" count="9"/>
      <line num="30" type="stmt" count="9"/>
      <line num="31" type="stmt" count="9"/>
      <line num="33" type="stmt" count="9"/>
      <line num="34" type="stmt" count="9"/>
      <line num="37" type="stmt" count="9"/>
      <line num="38" type="stmt" count="9"/>
      <line num="39" type="stmt" count="9"/>
      <line num="43" type="stmt" count="9"/>
      <line num="44" type="stmt" count="9"/>
      <line num="45" type="stmt" count="9"/>
      <line num="46" type="stmt" count="9"/>
      <metrics loc="50" ncloc="32" classes="0" methods="0" coveredmethods="0" conditionals="0" coveredconditionals="0" statements="16" coveredstatements="16" elements="16" coveredelements="16"/>
    </file>
    <file name="C:\OSPanel\home\mod_ishop_filter\tmpl\default_prices.php">
      <line num="26" type="stmt" count="10"/>
      <line num="27" type="stmt" count="10"/>
      <line num="28" type="stmt" count="10"/>
      <line num="29" type="stmt" count="10"/>
      <line num="30" type="stmt" count="10"/>
      <line num="31" type="stmt" count="10"/>
      <line num="33" type="stmt" count="10"/>
      <line num="41" type="stmt" count="10"/>
      <line num="42" type="stmt" count="10"/>
      <line num="44" type="stmt" count="10"/>
      <line num="45" type="stmt" count="10"/>
      <line num="46" type="stmt" count="10"/>
      <line num="47" type="stmt" count="10"/>
      <line num="54" type="stmt" count="10"/>
      <line num="55" type="stmt" count="10"/>
      <line num="57" type="stmt" count="10"/>
      <line num="58" type="stmt" count="10"/>
      <line num="59" type="stmt" count="10"/>
      <line num="60" type="stmt" count="10"/>
      <metrics loc="69" ncloc="51" classes="0" methods="0" coveredmethods="0" conditionals="0" coveredconditionals="0" statements="19" coveredstatements="19" elements="19" coveredelements="19"/>
    </file>
    <file name="C:\OSPanel\home\mod_ishop_filter\tmpl\default_sales.php">
      <line num="26" type="stmt" count="10"/>
      <line num="27" type="stmt" count="10"/>
      <line num="28" type="stmt" count="10"/>
      <line num="31" type="stmt" count="10"/>
      <line num="32" type="stmt" count="10"/>
      <line num="33" type="stmt" count="10"/>
      <line num="34" type="stmt" count="10"/>
      <line num="35" type="stmt" count="10"/>
      <line num="36" type="stmt" count="10"/>
      <line num="37" type="stmt" count="10"/>
      <line num="38" type="stmt" count="10"/>
      <line num="39" type="stmt" count="10"/>
      <line num="40" type="stmt" count="10"/>
      <metrics loc="43" ncloc="25" classes="0" methods="0" coveredmethods="0" conditionals="0" coveredconditionals="0" statements="13" coveredstatements="13" elements="13" coveredelements="13"/>
    </file>
    <file name="C:\OSPanel\home\mod_ishop_filter\tmpl\default_sizes.php">
      <line num="26" type="stmt" count="10"/>
      <line num="27" type="stmt" count="10"/>
      <line num="28" type="stmt" count="10"/>
      <line num="29" type="stmt" count="10"/>
      <line num="30" type="stmt" count="10"/>
      <line num="31" type="stmt" count="10"/>
      <line num="32" type="stmt" count="10"/>
      <line num="33" type="stmt" count="10"/>
      <line num="34" type="stmt" count="10"/>
      <line num="35" type="stmt" count="10"/>
      <line num="36" type="stmt" count="10"/>
      <line num="37" type="stmt" count="10"/>
      <line num="38" type="stmt" count="10"/>
      <line num="39" type="stmt" count="10"/>
      <line num="40" type="stmt" count="10"/>
      <line num="41" type="stmt" count="10"/>
      <line num="42" type="stmt" count="10"/>
      <line num="43" type="stmt" count="10"/>
      <line num="44" type="stmt" count="10"/>
      <line num="45" type="stmt" count="10"/>
      <line num="46" type="stmt" count="10"/>
      <line num="47" type="stmt" count="10"/>
      <line num="48" type="stmt" count="10"/>
      <line num="49" type="stmt" count="10"/>
      <line num="50" type="stmt" count="10"/>
      <line num="51" type="stmt" count="10"/>
      <line num="52" type="stmt" count="10"/>
      <line num="54" type="stmt" count="10"/>
      <line num="55" type="stmt" count="10"/>
      <line num="56" type="stmt" count="10"/>
      <line num="57" type="stmt" count="10"/>
      <line num="58" type="stmt" count="10"/>
      <line num="59" type="stmt" count="10"/>
      <line num="60" type="stmt" count="10"/>
      <line num="61" type="stmt" count="10"/>
      <line num="62" type="stmt" count="10"/>
      <line num="63" type="stmt" count="10"/>
      <line num="64" type="stmt" count="10"/>
      <line num="65" type="stmt" count="10"/>
      <line num="66" type="stmt" count="10"/>
      <line num="68" type="stmt" count="10"/>
      <line num="69" type="stmt" count="10"/>
      <line num="74" type="stmt" count="10"/>
      <line num="77" type="stmt" count="10"/>
      <line num="78" type="stmt" count="10"/>
      <line num="79" type="stmt" count="10"/>
      <line num="80" type="stmt" count="10"/>
      <line num="81" type="stmt" count="10"/>
      <line num="82" type="stmt" count="10"/>
      <line num="83" type="stmt" count="10"/>
      <line num="87" type="stmt" count="10"/>
      <line num="90" type="stmt" count="10"/>
      <line num="91" type="stmt" count="10"/>
      <line num="92" type="stmt" count="10"/>
      <line num="93" type="stmt" count="10"/>
      <line num="94" type="stmt" count="10"/>
      <line num="95" type="stmt" count="10"/>
      <line num="96" type="stmt" count="10"/>
      <metrics loc="107" ncloc="89" classes="0" methods="0" coveredmethods="0" conditionals="0" coveredconditionals="0" statements="58" coveredstatements="58" elements="58" coveredelements="58"/>
    </file>
    <file name="C:\OSPanel\home\mod_ishop_filter\tmpl\default_warehouses.php">
      <line num="28" type="stmt" count="10"/>
      <line num="29" type="stmt" count="10"/>
      <line num="31" type="stmt" count="10"/>
      <line num="32" type="stmt" count="10"/>
      <line num="34" type="stmt" count="10"/>
      <line num="35" type="stmt" count="10"/>
      <line num="37" type="stmt" count="10"/>
      <metrics loc="39" ncloc="19" classes="0" methods="0" coveredmethods="0" conditionals="0" coveredconditionals="0" statements="7" coveredstatements="7" elements="7" coveredelements="7"/>
    </file>
    <metrics files="14" loc="1234" ncloc="914" classes="3" methods="7" coveredmethods="7" conditionals="0" coveredconditionals="0" statements="503" coveredstatements="431" elements="510" coveredelements="438"/>
  </project>
</coverage>
